current directory: /Users/ftt.shujuan.cheong/engineering-blog/_vendor/ruby/2.6.0/gems/ffi-1.9.25/ext/ffi_c
/Users/ftt.shujuan.cheong/.rvm/rubies/ruby-2.6.6/bin/ruby -I /Users/ftt.shujuan.cheong/.rvm/rubies/ruby-2.6.6/lib/ruby/site_ruby/2.6.0 -r ./siteconf20210331-40779-6veri7.rb extconf.rb
checking for ffi_call() in -lffi... yes
checking for ffi_closure_alloc()... yes
checking for ffi_raw_call()... yes
checking for ffi_prep_raw_closure()... yes
checking for shlwapi.h... no
checking for ruby/thread.h... yes
checking for rb_thread_blocking_region()... no
checking for rb_thread_call_with_gvl()... yes
checking for rb_thread_call_without_gvl()... yes
checking for ffi_prep_cif_var()... yes
creating extconf.h
creating Makefile

current directory: /Users/ftt.shujuan.cheong/engineering-blog/_vendor/ruby/2.6.0/gems/ffi-1.9.25/ext/ffi_c
make "DESTDIR=" clean

current directory: /Users/ftt.shujuan.cheong/engineering-blog/_vendor/ruby/2.6.0/gems/ffi-1.9.25/ext/ffi_c
make "DESTDIR="
compiling AbstractMemory.c
compiling ArrayType.c
compiling Buffer.c
compiling Call.c
compiling ClosurePool.c
compiling DataConverter.c
compiling DynamicLibrary.c
compiling Function.c
Function.c:951:17: warning: 'ffi_prep_closure' is deprecated [-Wdeprecated-declarations]
    ffiStatus = ffi_prep_closure(code, &fnInfo->ffi_cif, callback_invoke, closure);
                ^
/usr/local/Cellar/libffi/3.3_3/include/ffi.h:341:18: note: 'ffi_prep_closure' has been explicitly marked deprecated here
  __attribute__((deprecated))
                 ^
1 warning generated.
compiling FunctionInfo.c
compiling LastError.c
compiling LongDouble.c
compiling MappedType.c
compiling MemoryPointer.c
compiling MethodHandle.c
compiling Platform.c
compiling Pointer.c
compiling Struct.c
compiling StructByReference.c
compiling StructByValue.c
compiling StructLayout.c
compiling Thread.c
compiling Type.c
compiling Types.c
compiling Variadic.c
compiling ffi.c
linking shared-object ffi_c.bundle

current directory: /Users/ftt.shujuan.cheong/engineering-blog/_vendor/ruby/2.6.0/gems/ffi-1.9.25/ext/ffi_c
make "DESTDIR=" install
/usr/local/opt/coreutils/bin/ginstall -c -m 0755 ffi_c.bundle ./.gem.20210331-40779-o7xvt9
